// 重构日志: 50b830b7
// 重构日志: eb362cc2
// 重构日志: 9df78670
// 重构日志: 9f21dbe3
// 重构日志: 8c2e8972
// 重构日志: b6d5280a
// 重构日志: 1b74df6e
// 重构日志: 0ea0ce20
// 重构日志: 6e45b8a7
// 重构日志: f8fe90c1
// 同步 ID: fadb883f @ Sat Jun  6 06:29:29 UTC 2026
// 重构日志: 7896fabb
// 重构日志: e60f68d1
// 重构日志: adccd6e6
// 同步 ID: 120c6b65 @ Wed Jun 10 17:35:35 UTC 2026
// 同步 ID: 1ba0483e @ Thu Jun 11 10:41:24 UTC 2026
// 同步 ID: b1e03950 @ Sat Jun 13 10:55:30 UTC 2026
// 重构日志: a9091384
// 同步 ID: 31cf5ca0 @ Sat Jun 13 15:26:36 UTC 2026
// 同步 ID: 1858fbb4 @ Sat Jun 13 19:17:01 UTC 2026
// 重构日志: bebbe674
// 重构日志: 0772e7fb
// 同步 ID: 6f443c4d @ Sun Jun 14 10:43:58 UTC 2026
// 重构日志: c3a69823
// 同步 ID: b5920ef3 @ Thu Jun 18 10:43:17 UTC 2026
// 重构日志: b714e22b
// 同步 ID: 7a39f17c @ Sat Jun 20 08:52:00 UTC 2026
// 同步 ID: 5d301636 @ Sat Jun 20 17:19:10 UTC 2026
// 同步 ID: 7f96b4a1 @ Sat Jun 20 23:19:41 UTC 2026
// 同步 ID: f0b0d3ff @ Sun Jun 21 17:31:54 UTC 2026
